<?xml version="1.0" encoding="UTF-8"?>
<!-- Generated by org.testng.reporters.JUnitXMLReporter -->
<testsuite ignored="0" hostname="RAKGOGIN-LAP" failures="0" tests="3" name="Login Test" time="30.79" errors="0" timestamp="14 Sep 2020 13:08:46 GMT">
  <testcase classname="com.qa.hubspot.tests.LoginPageTest" name="verifySignupLinkTest" time="8.467"/>
  <testcase classname="com.qa.hubspot.tests.LoginPageTest" name="verifyLoginPageTitleTest" time="0.036"/>
  <testcase classname="com.qa.hubspot.tests.LoginPageTest" name="loginTest" time="10.816"/>
</testsuite> <!-- Login Test -->
